2025-02-19 20:56:49,055 - INFO - Inicializando sessões dos criadores em paralelo
2025-02-19 20:56:49,055 - INFO - Sessões inicializadas com sucesso
2025-02-19 20:56:55,936 - INFO - Found page data: True
2025-02-19 20:56:58,757 - INFO - No existing content found with title: Sobre a Secretaria
2025-02-19 20:57:02,310 - INFO - Creating regular content for Sobre a Secretaria
2025-02-19 20:57:03,491 - INFO - Created content: Sobre a Secretaria (ID: 219737, Key: 219735)
2025-02-19 20:57:04,289 - INFO - Association result: {'message': 'Artigo 219735 associado com sucesso ao portlet com_liferay_journal_content_web_portlet_JournalContentPortlet_INSTANCE_95819', 'status': 'SUCCESS'}
2025-02-19 20:57:05,933 - INFO - Found page data: True
2025-02-19 20:57:08,354 - INFO - No existing content found with title: A Secretaria
2025-02-19 20:57:08,511 - ERROR - Error during content migration: No content found
Traceback (most recent call last):
  File "/home/sea-clevesson/www/gdf/bot/migrator-liferay/web_content_creator.py", line 311, in migrate_content
    raise Exception(process_result["error"])
Exception: No content found

2025-02-19 20:57:10,081 - INFO - Found page data: True
2025-02-19 20:57:11,681 - INFO - No existing content found with title: Contatos
2025-02-19 20:57:21,412 - INFO - Creating regular content for Contatos
2025-02-19 20:57:22,461 - INFO - Created content: Contatos (ID: 219830, Key: 219828)
2025-02-19 20:57:23,437 - INFO - Association result: {'message': 'Artigo 219828 associado com sucesso ao portlet com_liferay_journal_content_web_portlet_JournalContentPortlet_INSTANCE_90681', 'status': 'SUCCESS'}
2025-02-19 20:57:25,189 - INFO - Found page data: True
2025-02-19 20:57:27,054 - INFO - No existing content found with title: Perfil do Secretário de Turismo
2025-02-19 20:57:34,167 - INFO - Creating regular content for Perfil do Secretário de Turismo
2025-02-19 20:57:35,078 - INFO - Created content: Perfil do Secretário de Turismo (ID: 219889, Key: 219887)
2025-02-19 20:57:36,153 - INFO - Association result: {'message': 'Artigo 219887 associado com sucesso ao portlet com_liferay_journal_content_web_portlet_JournalContentPortlet_INSTANCE_32936', 'status': 'SUCCESS'}
2025-02-19 20:57:37,868 - INFO - Found page data: True
2025-02-19 20:57:40,030 - INFO - No existing content found with title: Conheça Brasília
2025-02-19 20:57:46,958 - ERROR - Error during content migration: No content found
Traceback (most recent call last):
  File "/home/sea-clevesson/www/gdf/bot/migrator-liferay/web_content_creator.py", line 311, in migrate_content
    raise Exception(process_result["error"])
Exception: No content found

2025-02-19 20:57:48,957 - INFO - Found page data: True
2025-02-19 20:57:51,590 - INFO - No existing content found with title: Sobre a Cidade
2025-02-19 20:58:02,537 - INFO - Creating regular content for Sobre a Cidade
2025-02-19 20:58:03,501 - INFO - Created content: Sobre a Cidade (ID: 220029, Key: 220027)
2025-02-19 20:58:04,247 - INFO - Association result: {'message': 'Artigo 220027 associado com sucesso ao portlet com_liferay_journal_content_web_portlet_JournalContentPortlet_INSTANCE_63652', 'status': 'SUCCESS'}
2025-02-19 20:58:05,977 - INFO - Found page data: True
2025-02-19 20:58:07,711 - INFO - No existing content found with title: Brasília Tour Virtual
2025-02-19 20:58:20,649 - INFO - Recursos fechados com sucesso
2025-02-19 22:42:15,928 - INFO - Inicializando sessões dos criadores em paralelo
2025-02-19 22:42:15,928 - INFO - Sessões inicializadas com sucesso
2025-02-19 22:42:17,524 - INFO - Found page data: True
2025-02-19 22:42:19,158 - INFO - Found existing content: Sobre a Secretaria (ID: 219737, Key: 219735)
2025-02-19 22:42:19,905 - INFO - Association result: {'message': 'Artigo 219735 associado com sucesso ao portlet com_liferay_journal_content_web_portlet_JournalContentPortlet_INSTANCE_95819', 'status': 'SUCCESS'}
2025-02-19 22:42:21,779 - INFO - Found page data: True
2025-02-19 22:42:23,427 - INFO - No existing content found with title: A Secretaria
2025-02-19 22:42:23,503 - ERROR - Error during content migration: No content found
Traceback (most recent call last):
  File "/home/sea-clevesson/www/gdf/bot/migrator-liferay/web_content_creator.py", line 311, in migrate_content
    raise Exception(process_result["error"])
Exception: No content found

2025-02-19 22:42:25,176 - INFO - Found page data: True
2025-02-19 22:42:25,926 - INFO - Found existing content: Contatos (ID: 219830, Key: 219828)
2025-02-19 22:42:26,664 - INFO - Association result: {'message': 'Artigo 219828 associado com sucesso ao portlet com_liferay_journal_content_web_portlet_JournalContentPortlet_INSTANCE_90681', 'status': 'SUCCESS'}
2025-02-19 22:42:28,328 - INFO - Found page data: True
2025-02-19 22:42:29,078 - INFO - Found existing content: Perfil do Secretário de Turismo (ID: 219889, Key: 219887)
2025-02-19 22:42:29,796 - INFO - Association result: {'message': 'Artigo 219887 associado com sucesso ao portlet com_liferay_journal_content_web_portlet_JournalContentPortlet_INSTANCE_32936', 'status': 'SUCCESS'}
2025-02-19 22:42:31,327 - INFO - Found page data: True
2025-02-19 22:42:32,042 - INFO - No existing content found with title: Conheça Brasília
2025-02-19 22:42:34,149 - ERROR - Error during content migration: No content found
Traceback (most recent call last):
  File "/home/sea-clevesson/www/gdf/bot/migrator-liferay/web_content_creator.py", line 311, in migrate_content
    raise Exception(process_result["error"])
Exception: No content found

2025-02-19 22:42:35,589 - INFO - Found page data: True
2025-02-19 22:42:37,015 - INFO - Found existing content: Sobre a Cidade (ID: 220029, Key: 220027)
2025-02-19 22:42:37,707 - INFO - Association result: {'message': 'Artigo 220027 associado com sucesso ao portlet com_liferay_journal_content_web_portlet_JournalContentPortlet_INSTANCE_63652', 'status': 'SUCCESS'}
2025-02-19 22:42:39,166 - INFO - Found page data: True
2025-02-19 22:42:39,866 - INFO - No existing content found with title: Brasília Tour Virtual
2025-02-19 22:42:47,958 - INFO - Creating regular content for Brasília Tour Virtual
2025-02-19 22:42:48,726 - INFO - Created content: Brasília Tour Virtual (ID: 220178, Key: 220176)
2025-02-19 22:42:49,422 - INFO - Association result: {'message': 'Artigo 220176 associado com sucesso ao portlet com_liferay_journal_content_web_portlet_JournalContentPortlet_INSTANCE_47505', 'status': 'SUCCESS'}
2025-02-19 22:42:50,858 - INFO - Found page data: True
2025-02-19 22:42:52,336 - INFO - No existing content found with title: Estádio Nacional de Brasília Mané Garrincha
2025-02-19 22:43:00,782 - INFO - Creating regular content for Estádio Nacional de Brasília Mané Garrincha
2025-02-19 22:43:01,517 - INFO - Created content: Estádio Nacional de Brasília Mané Garrincha (ID: 220246, Key: 220244)
2025-02-19 22:43:02,188 - INFO - Association result: {'message': 'Artigo 220244 associado com sucesso ao portlet com_liferay_journal_content_web_portlet_JournalContentPortlet_INSTANCE_90829', 'status': 'SUCCESS'}
2025-02-19 22:43:03,610 - INFO - Found page data: True
2025-02-19 22:43:05,064 - INFO - No existing content found with title: Torre de TV
2025-02-19 22:43:11,754 - INFO - Creating regular content for Torre de TV
2025-02-19 22:43:12,462 - INFO - Created content: Torre de TV (ID: 220286, Key: 220284)
2025-02-19 22:43:13,124 - INFO - Association result: {'message': 'Artigo 220284 associado com sucesso ao portlet com_liferay_journal_content_web_portlet_JournalContentPortlet_INSTANCE_97987', 'status': 'SUCCESS'}
2025-02-19 22:43:14,546 - INFO - Found page data: True
2025-02-19 22:43:15,972 - INFO - No existing content found with title: Torre de TV Digital
2025-02-19 22:43:21,582 - INFO - Creating regular content for Torre de TV Digital
2025-02-19 22:43:22,306 - INFO - Created content: Torre de TV Digital (ID: 220318, Key: 220316)
2025-02-19 22:43:22,974 - INFO - Association result: {'message': 'Artigo 220316 associado com sucesso ao portlet com_liferay_journal_content_web_portlet_JournalContentPortlet_INSTANCE_91154', 'status': 'SUCCESS'}
2025-02-19 22:43:24,374 - INFO - Found page data: True
2025-02-19 22:43:25,793 - INFO - No existing content found with title: Parque da Cidade
2025-02-19 22:43:27,712 - ERROR - Error during content migration: No content found
Traceback (most recent call last):
  File "/home/sea-clevesson/www/gdf/bot/migrator-liferay/web_content_creator.py", line 311, in migrate_content
    raise Exception(process_result["error"])
Exception: No content found

2025-02-19 22:43:29,102 - INFO - Found page data: True
2025-02-19 22:43:30,520 - INFO - No existing content found with title: + Pontos Turísticos
2025-02-19 22:43:39,169 - INFO - Creating regular content for + Pontos Turísticos
2025-02-19 22:43:39,920 - INFO - Created content: + Pontos Turísticos (ID: 220342, Key: 220340)
2025-02-19 22:43:40,592 - INFO - Association result: {'message': 'Artigo 220340 associado com sucesso ao portlet com_liferay_journal_content_web_portlet_JournalContentPortlet_INSTANCE_48323', 'status': 'SUCCESS'}
2025-02-19 22:43:41,987 - INFO - Found page data: True
2025-02-19 22:43:43,424 - INFO - No existing content found with title: Pedalando com Athos
2025-02-19 22:43:51,420 - INFO - Creating regular content for Pedalando com Athos
2025-02-19 22:43:52,151 - INFO - Created content: Pedalando com Athos (ID: 220412, Key: 220410)
2025-02-19 22:43:52,813 - INFO - Association result: {'message': 'Artigo 220410 associado com sucesso ao portlet com_liferay_journal_content_web_portlet_JournalContentPortlet_INSTANCE_44854', 'status': 'SUCCESS'}
2025-02-19 22:43:54,236 - INFO - Found page data: True
2025-02-19 22:43:55,684 - INFO - No existing content found with title: Ciclo da Paz
2025-02-19 22:44:01,750 - INFO - Creating regular content for Ciclo da Paz
2025-02-19 22:44:02,443 - INFO - Created content: Ciclo da Paz (ID: 220452, Key: 220450)
2025-02-19 22:44:03,101 - INFO - Association result: {'message': 'Artigo 220450 associado com sucesso ao portlet com_liferay_journal_content_web_portlet_JournalContentPortlet_INSTANCE_97849', 'status': 'SUCCESS'}
2025-02-19 22:44:04,472 - INFO - Found page data: True
2025-02-19 22:44:05,902 - INFO - No existing content found with title: Programa Brasília Turismo Acessível
2025-02-19 22:44:16,000 - INFO - Creating regular content for Programa Brasília Turismo Acessível
2025-02-19 22:44:16,822 - INFO - Created content: Programa Brasília Turismo Acessível (ID: 220538, Key: 220536)
2025-02-19 22:44:17,496 - INFO - Association result: {'message': 'Artigo 220536 associado com sucesso ao portlet com_liferay_journal_content_web_portlet_JournalContentPortlet_INSTANCE_43344', 'status': 'SUCCESS'}
2025-02-19 22:44:18,890 - INFO - Found page data: True
2025-02-19 22:44:20,334 - INFO - No existing content found with title: Artesanato
2025-02-19 22:44:23,810 - INFO - Creating regular content for Artesanato
2025-02-19 22:44:24,517 - INFO - Created content: Artesanato (ID: 220555, Key: 220553)
2025-02-19 22:44:25,228 - INFO - Association result: {'message': 'Artigo 220553 associado com sucesso ao portlet com_liferay_journal_content_web_portlet_JournalContentPortlet_INSTANCE_17778', 'status': 'SUCCESS'}
2025-02-19 22:44:26,580 - INFO - Found page data: True
2025-02-19 22:44:28,645 - INFO - No existing content found with title: Chamamentos
2025-02-19 22:44:32,105 - INFO - Creating regular content for Chamamentos
2025-02-19 22:44:32,797 - INFO - Created content: Chamamentos (ID: 220571, Key: 220569)
2025-02-19 22:44:33,441 - INFO - Association result: {'message': 'Artigo 220569 associado com sucesso ao portlet com_liferay_journal_content_web_portlet_JournalContentPortlet_INSTANCE_39467', 'status': 'SUCCESS'}
2025-02-19 22:44:34,799 - INFO - Found page data: True
2025-02-19 22:44:36,873 - INFO - No existing content found with title: Resultados Chamamento
2025-02-19 22:44:45,024 - INFO - Creating regular content for Resultados Chamamento
2025-02-19 22:44:45,696 - INFO - Created content: Resultados Chamamento (ID: 220587, Key: 220585)
2025-02-19 22:44:46,338 - INFO - Association result: {'message': 'Artigo 220585 associado com sucesso ao portlet com_liferay_journal_content_web_portlet_JournalContentPortlet_INSTANCE_75114', 'status': 'SUCCESS'}
2025-02-19 22:44:47,681 - INFO - Found page data: True
2025-02-19 22:44:49,030 - INFO - No existing content found with title: Resultados Chamamentos – 2019
2025-02-19 22:44:52,074 - INFO - Creating regular content for Resultados Chamamentos – 2019
2025-02-19 22:44:52,760 - INFO - Created content: Resultados Chamamentos – 2019 (ID: 220607, Key: 220605)
2025-02-19 22:44:53,429 - INFO - Association result: {'message': 'Artigo 220605 associado com sucesso ao portlet com_liferay_journal_content_web_portlet_JournalContentPortlet_INSTANCE_23819', 'status': 'SUCCESS'}
2025-02-19 22:44:54,765 - INFO - Found page data: True
2025-02-19 22:44:56,128 - INFO - No existing content found with title: Resultados Chamamentos – 2020
2025-02-19 22:44:59,756 - INFO - Creating regular content for Resultados Chamamentos – 2020
2025-02-19 22:45:00,450 - INFO - Created content: Resultados Chamamentos – 2020 (ID: 220627, Key: 220625)
2025-02-19 22:45:01,089 - INFO - Association result: {'message': 'Artigo 220625 associado com sucesso ao portlet com_liferay_journal_content_web_portlet_JournalContentPortlet_INSTANCE_41077', 'status': 'SUCCESS'}
2025-02-19 22:45:02,450 - INFO - Found page data: True
2025-02-19 22:45:03,860 - INFO - No existing content found with title: Resultados Chamamentos – 2021
2025-02-19 22:45:07,945 - INFO - Creating regular content for Resultados Chamamentos – 2021
2025-02-19 22:45:08,625 - INFO - Created content: Resultados Chamamentos – 2021 (ID: 220643, Key: 220641)
2025-02-19 22:45:09,274 - INFO - Association result: {'message': 'Artigo 220641 associado com sucesso ao portlet com_liferay_journal_content_web_portlet_JournalContentPortlet_INSTANCE_12974', 'status': 'SUCCESS'}
2025-02-19 22:45:10,604 - INFO - Found page data: True
2025-02-19 22:45:11,963 - INFO - No existing content found with title: Resultados Chamamentos – 2022
2025-02-19 22:45:15,115 - INFO - Creating regular content for Resultados Chamamentos – 2022
2025-02-19 22:45:15,790 - INFO - Created content: Resultados Chamamentos – 2022 (ID: 220659, Key: 220657)
2025-02-19 22:45:16,443 - INFO - Association result: {'message': 'Artigo 220657 associado com sucesso ao portlet com_liferay_journal_content_web_portlet_JournalContentPortlet_INSTANCE_98784', 'status': 'SUCCESS'}
2025-02-19 22:45:17,784 - INFO - Found page data: True
2025-02-19 22:45:19,133 - INFO - No existing content found with title: Resultados Chamamentos – 2023
2025-02-19 22:45:22,282 - INFO - Creating regular content for Resultados Chamamentos – 2023
2025-02-19 22:45:22,963 - INFO - Created content: Resultados Chamamentos – 2023 (ID: 220675, Key: 220673)
2025-02-19 22:45:23,615 - INFO - Association result: {'message': 'Artigo 220673 associado com sucesso ao portlet com_liferay_journal_content_web_portlet_JournalContentPortlet_INSTANCE_50458', 'status': 'SUCCESS'}
2025-02-19 22:45:24,280 - INFO - Found page data: False
2025-02-19 22:45:25,644 - INFO - No existing content found with title: Cadastramento/Recadastramento de Artesãos
2025-02-19 22:45:28,976 - INFO - Creating regular content for Cadastramento/Recadastramento de Artesãos
2025-02-19 22:45:29,657 - INFO - Created content: Cadastramento/Recadastramento de Artesãos (ID: 220691, Key: 220689)
2025-02-19 22:45:31,010 - INFO - Found page data: True
2025-02-19 22:45:32,390 - INFO - No existing content found with title: Coordenação Distrital do Artesanato
2025-02-19 22:45:35,493 - INFO - Creating regular content for Coordenação Distrital do Artesanato
2025-02-19 22:45:36,181 - INFO - Created content: Coordenação Distrital do Artesanato (ID: 220710, Key: 220708)
2025-02-19 22:45:36,828 - INFO - Association result: {'message': 'Artigo 220708 associado com sucesso ao portlet com_liferay_journal_content_web_portlet_JournalContentPortlet_INSTANCE_72300', 'status': 'SUCCESS'}
2025-02-19 22:45:38,180 - INFO - Found page data: True
2025-02-19 22:45:39,574 - INFO - No existing content found with title: SICAB
2025-02-19 22:45:41,334 - ERROR - Error during content migration: No content found
Traceback (most recent call last):
  File "/home/sea-clevesson/www/gdf/bot/migrator-liferay/web_content_creator.py", line 311, in migrate_content
    raise Exception(process_result["error"])
Exception: No content found

2025-02-19 22:45:42,684 - INFO - Found page data: True
2025-02-19 22:45:44,036 - INFO - No existing content found with title: Lei Aldir Blanc
2025-02-19 22:46:14,752 - INFO - Creating regular content for Lei Aldir Blanc
2025-02-19 22:46:15,498 - INFO - Created content: Lei Aldir Blanc (ID: 220778, Key: 220776)
2025-02-19 22:46:16,183 - INFO - Association result: {'message': 'Artigo 220776 associado com sucesso ao portlet com_liferay_journal_content_web_portlet_JournalContentPortlet_INSTANCE_51444', 'status': 'SUCCESS'}
2025-02-19 22:46:17,572 - INFO - Found page data: True
2025-02-19 22:46:19,074 - INFO - No existing content found with title: Cadastramento Manualistas
2025-02-19 22:46:21,661 - ERROR - Error during content migration: No content found
Traceback (most recent call last):
  File "/home/sea-clevesson/www/gdf/bot/migrator-liferay/web_content_creator.py", line 311, in migrate_content
    raise Exception(process_result["error"])
Exception: No content found

2025-02-19 22:46:23,319 - INFO - Found page data: True
2025-02-19 22:46:24,882 - INFO - No existing content found with title: PORTARIA Nº 11 , DE 02 DE ABRIL DE 2024
2025-02-19 22:46:28,172 - INFO - Creating regular content for PORTARIA Nº 11 , DE 02 DE ABRIL DE 2024
2025-02-19 22:46:28,913 - INFO - Created content: PORTARIA Nº 11 , DE 02 DE ABRIL DE 2024 (ID: 220806, Key: 220804)
2025-02-19 22:46:29,597 - INFO - Association result: {'message': 'Artigo 220804 associado com sucesso ao portlet com_liferay_journal_content_web_portlet_JournalContentPortlet_INSTANCE_61784', 'status': 'SUCCESS'}
2025-02-19 22:46:31,383 - INFO - Found page data: True
2025-02-19 22:46:35,772 - INFO - Recursos fechados com sucesso
2025-02-19 22:59:01,391 - INFO - Inicializando sessões dos criadores em paralelo
2025-02-19 22:59:01,391 - INFO - Sessões inicializadas com sucesso
2025-02-19 22:59:02,067 - INFO - Found page data: False
2025-02-19 22:59:03,453 - INFO - Found existing content: Institucional (ID: 219114, Key: 219112)
2025-02-19 22:59:04,123 - INFO - Found page data: False
2025-02-19 22:59:05,472 - INFO - Found existing content: Sobre a Secretaria (ID: 219127, Key: 219125)
2025-02-19 22:59:05,961 - INFO - Recursos fechados com sucesso
